<?xml version="1.0" encoding="UTF-8"?>
<!-- Generated by org.testng.reporters.JUnitReportReporter -->
<testsuite hostname="DESKTOP-V1IICJG" failures="0" tests="1" name="testCases.TC_002_LoginTest" time="1.614" errors="0" timestamp="2023-01-01T13:43:22 EST" skipped="0">
  <testcase classname="testCases.TC_002_LoginTest" name="test_Login" time="1.614"/>
  <system-out/>
</testsuite> <!-- testCases.TC_002_LoginTest -->
