<?xml version="1.0" encoding="UTF-8"?>
<!-- Generated by org.testng.reporters.JUnitReportReporter -->
<testsuite hostname="DESKTOP-V1IICJG" failures="0" tests="1" name="testCases.TC_001_AccountRegistrationTest" time="4.351" errors="0" timestamp="2023-01-01T13:43:22 EST" skipped="0">
  <testcase classname="testCases.TC_001_AccountRegistrationTest" name="test_account_Registration" time="4.351"/>
  <system-out/>
</testsuite> <!-- testCases.TC_001_AccountRegistrationTest -->
